2023-03-07T19:33:33+00:00 ERROR Error: the provided authorization refresh token is invalid or was issued to another client
2023-03-07T19:33:34+00:00 ERROR Error: the provided authorization refresh token is invalid or was issued to another client
2023-03-07T19:33:35+00:00 ERROR Error: the provided authorization refresh token is invalid or was issued to another client
2023-03-07T19:33:36+00:00 ERROR Error on orders updateEbatNs_ResponseError Object
(
    [Ack:protected] => Failure
    [Errors:protected] => Array
        (
            [0] => ErrorType Object
                (
                    [ShortMessage:protected] => 
                    [LongMessage:protected] => soap-fault: Expired IAF token.
                    [ErrorCode:protected] => 90002
                    [UserDisplayHint:protected] => 
                    [SeverityCode:protected] => Error
                    [ErrorParameters:protected] => 
                    [ErrorClassification:protected] => SystemError
                )

            [1] => ErrorType Object
                (
                    [ShortMessage:protected] => 
                    [LongMessage:protected] => IAF token supplied is expired.
                    [ErrorCode:protected] => 21917053
                    [UserDisplayHint:protected] => 
                    [SeverityCode:protected] => Error
                    [ErrorParameters:protected] => 
                    [ErrorClassification:protected] => SystemError
                )

        )

)

2023-03-07T19:48:47+00:00 ERROR Error: the provided authorization refresh token is invalid or was issued to another client
2023-03-07T19:48:48+00:00 ERROR Error: the provided authorization refresh token is invalid or was issued to another client
2023-03-07T19:48:49+00:00 ERROR Error: the provided authorization refresh token is invalid or was issued to another client
2023-03-07T19:48:50+00:00 ERROR Error on orders updateEbatNs_ResponseError Object
(
    [Ack:protected] => Failure
    [Errors:protected] => Array
        (
            [0] => ErrorType Object
                (
                    [ShortMessage:protected] => 
                    [LongMessage:protected] => soap-fault: Expired IAF token.
                    [ErrorCode:protected] => 90002
                    [UserDisplayHint:protected] => 
                    [SeverityCode:protected] => Error
                    [ErrorParameters:protected] => 
                    [ErrorClassification:protected] => SystemError
                )

            [1] => ErrorType Object
                (
                    [ShortMessage:protected] => 
                    [LongMessage:protected] => IAF token supplied is expired.
                    [ErrorCode:protected] => 21917053
                    [UserDisplayHint:protected] => 
                    [SeverityCode:protected] => Error
                    [ErrorParameters:protected] => 
                    [ErrorClassification:protected] => SystemError
                )

        )

)

2023-03-07T20:03:25+00:00 ERROR Error: the provided authorization refresh token is invalid or was issued to another client
2023-03-07T20:03:26+00:00 ERROR Error: the provided authorization refresh token is invalid or was issued to another client
2023-03-07T20:03:26+00:00 ERROR Error: the provided authorization refresh token is invalid or was issued to another client
2023-03-07T20:03:28+00:00 ERROR Error on orders updateEbatNs_ResponseError Object
(
    [Ack:protected] => Failure
    [Errors:protected] => Array
        (
            [0] => ErrorType Object
                (
                    [ShortMessage:protected] => 
                    [LongMessage:protected] => soap-fault: Expired IAF token.
                    [ErrorCode:protected] => 90002
                    [UserDisplayHint:protected] => 
                    [SeverityCode:protected] => Error
                    [ErrorParameters:protected] => 
                    [ErrorClassification:protected] => SystemError
                )

            [1] => ErrorType Object
                (
                    [ShortMessage:protected] => 
                    [LongMessage:protected] => IAF token supplied is expired.
                    [ErrorCode:protected] => 21917053
                    [UserDisplayHint:protected] => 
                    [SeverityCode:protected] => Error
                    [ErrorParameters:protected] => 
                    [ErrorClassification:protected] => SystemError
                )

        )

)

2023-03-07T20:19:44+00:00 ERROR Error: the provided authorization refresh token is invalid or was issued to another client
2023-03-07T20:19:46+00:00 ERROR Error: the provided authorization refresh token is invalid or was issued to another client
2023-03-07T20:19:46+00:00 ERROR Error: the provided authorization refresh token is invalid or was issued to another client
2023-03-07T20:19:47+00:00 ERROR Error on orders updateEbatNs_ResponseError Object
(
    [Ack:protected] => Failure
    [Errors:protected] => Array
        (
            [0] => ErrorType Object
                (
                    [ShortMessage:protected] => 
                    [LongMessage:protected] => soap-fault: Expired IAF token.
                    [ErrorCode:protected] => 90002
                    [UserDisplayHint:protected] => 
                    [SeverityCode:protected] => Error
                    [ErrorParameters:protected] => 
                    [ErrorClassification:protected] => SystemError
                )

            [1] => ErrorType Object
                (
                    [ShortMessage:protected] => 
                    [LongMessage:protected] => IAF token supplied is expired.
                    [ErrorCode:protected] => 21917053
                    [UserDisplayHint:protected] => 
                    [SeverityCode:protected] => Error
                    [ErrorParameters:protected] => 
                    [ErrorClassification:protected] => SystemError
                )

        )

)

2023-03-07T20:33:39+00:00 ERROR Error: the provided authorization refresh token is invalid or was issued to another client
2023-03-07T20:33:41+00:00 ERROR Error: the provided authorization refresh token is invalid or was issued to another client
2023-03-07T20:33:41+00:00 ERROR Error: the provided authorization refresh token is invalid or was issued to another client
2023-03-07T20:33:42+00:00 ERROR Error on orders updateEbatNs_ResponseError Object
(
    [Ack:protected] => Failure
    [Errors:protected] => Array
        (
            [0] => ErrorType Object
                (
                    [ShortMessage:protected] => 
                    [LongMessage:protected] => soap-fault: Expired IAF token.
                    [ErrorCode:protected] => 90002
                    [UserDisplayHint:protected] => 
                    [SeverityCode:protected] => Error
                    [ErrorParameters:protected] => 
                    [ErrorClassification:protected] => SystemError
                )

            [1] => ErrorType Object
                (
                    [ShortMessage:protected] => 
                    [LongMessage:protected] => IAF token supplied is expired.
                    [ErrorCode:protected] => 21917053
                    [UserDisplayHint:protected] => 
                    [SeverityCode:protected] => Error
                    [ErrorParameters:protected] => 
                    [ErrorClassification:protected] => SystemError
                )

        )

)

2023-03-07T20:48:39+00:00 ERROR Error: the provided authorization refresh token is invalid or was issued to another client
2023-03-07T20:48:40+00:00 ERROR Error: the provided authorization refresh token is invalid or was issued to another client
2023-03-07T20:48:41+00:00 ERROR Error: the provided authorization refresh token is invalid or was issued to another client
2023-03-07T20:48:42+00:00 ERROR Error on orders updateEbatNs_ResponseError Object
(
    [Ack:protected] => Failure
    [Errors:protected] => Array
        (
            [0] => ErrorType Object
                (
                    [ShortMessage:protected] => 
                    [LongMessage:protected] => soap-fault: Expired IAF token.
                    [ErrorCode:protected] => 90002
                    [UserDisplayHint:protected] => 
                    [SeverityCode:protected] => Error
                    [ErrorParameters:protected] => 
                    [ErrorClassification:protected] => SystemError
                )

            [1] => ErrorType Object
                (
                    [ShortMessage:protected] => 
                    [LongMessage:protected] => IAF token supplied is expired.
                    [ErrorCode:protected] => 21917053
                    [UserDisplayHint:protected] => 
                    [SeverityCode:protected] => Error
                    [ErrorParameters:protected] => 
                    [ErrorClassification:protected] => SystemError
                )

        )

)

2023-03-07T21:03:38+00:00 ERROR Error: the provided authorization refresh token is invalid or was issued to another client
2023-03-07T21:03:40+00:00 ERROR Error: the provided authorization refresh token is invalid or was issued to another client
2023-03-07T21:03:40+00:00 ERROR Error: the provided authorization refresh token is invalid or was issued to another client
2023-03-07T21:03:41+00:00 ERROR Error on orders updateEbatNs_ResponseError Object
(
    [Ack:protected] => Failure
    [Errors:protected] => Array
        (
            [0] => ErrorType Object
                (
                    [ShortMessage:protected] => 
                    [LongMessage:protected] => soap-fault: Expired IAF token.
                    [ErrorCode:protected] => 90002
                    [UserDisplayHint:protected] => 
                    [SeverityCode:protected] => Error
                    [ErrorParameters:protected] => 
                    [ErrorClassification:protected] => SystemError
                )

            [1] => ErrorType Object
                (
                    [ShortMessage:protected] => 
                    [LongMessage:protected] => IAF token supplied is expired.
                    [ErrorCode:protected] => 21917053
                    [UserDisplayHint:protected] => 
                    [SeverityCode:protected] => Error
                    [ErrorParameters:protected] => 
                    [ErrorClassification:protected] => SystemError
                )

        )

)

2023-03-07T21:18:47+00:00 ERROR Error: the provided authorization refresh token is invalid or was issued to another client
2023-03-07T21:18:48+00:00 ERROR Error: the provided authorization refresh token is invalid or was issued to another client
2023-03-07T21:18:48+00:00 ERROR Error: the provided authorization refresh token is invalid or was issued to another client
2023-03-07T21:18:50+00:00 ERROR Error on orders updateEbatNs_ResponseError Object
(
    [Ack:protected] => Failure
    [Errors:protected] => Array
        (
            [0] => ErrorType Object
                (
                    [ShortMessage:protected] => 
                    [LongMessage:protected] => soap-fault: Expired IAF token.
                    [ErrorCode:protected] => 90002
                    [UserDisplayHint:protected] => 
                    [SeverityCode:protected] => Error
                    [ErrorParameters:protected] => 
                    [ErrorClassification:protected] => SystemError
                )

            [1] => ErrorType Object
                (
                    [ShortMessage:protected] => 
                    [LongMessage:protected] => IAF token supplied is expired.
                    [ErrorCode:protected] => 21917053
                    [UserDisplayHint:protected] => 
                    [SeverityCode:protected] => Error
                    [ErrorParameters:protected] => 
                    [ErrorClassification:protected] => SystemError
                )

        )

)

2023-03-07T21:33:51+00:00 ERROR Error: the provided authorization refresh token is invalid or was issued to another client
2023-03-07T21:33:52+00:00 ERROR Error: the provided authorization refresh token is invalid or was issued to another client
2023-03-07T21:33:53+00:00 ERROR Error: the provided authorization refresh token is invalid or was issued to another client
2023-03-07T21:33:54+00:00 ERROR Error on orders updateEbatNs_ResponseError Object
(
    [Ack:protected] => Failure
    [Errors:protected] => Array
        (
            [0] => ErrorType Object
                (
                    [ShortMessage:protected] => 
                    [LongMessage:protected] => soap-fault: Expired IAF token.
                    [ErrorCode:protected] => 90002
                    [UserDisplayHint:protected] => 
                    [SeverityCode:protected] => Error
                    [ErrorParameters:protected] => 
                    [ErrorClassification:protected] => SystemError
                )

            [1] => ErrorType Object
                (
                    [ShortMessage:protected] => 
                    [LongMessage:protected] => IAF token supplied is expired.
                    [ErrorCode:protected] => 21917053
                    [UserDisplayHint:protected] => 
                    [SeverityCode:protected] => Error
                    [ErrorParameters:protected] => 
                    [ErrorClassification:protected] => SystemError
                )

        )

)

2023-03-07T22:58:15+00:00 ERROR Error: the provided authorization refresh token is invalid or was issued to another client
2023-03-07T22:58:16+00:00 ERROR Error: the provided authorization refresh token is invalid or was issued to another client
2023-03-07T22:58:16+00:00 ERROR Error: the provided authorization refresh token is invalid or was issued to another client
2023-03-07T22:58:18+00:00 ERROR Error on orders updateEbatNs_ResponseError Object
(
    [Ack:protected] => Failure
    [Errors:protected] => Array
        (
            [0] => ErrorType Object
                (
                    [ShortMessage:protected] => 
                    [LongMessage:protected] => soap-fault: Expired IAF token.
                    [ErrorCode:protected] => 90002
                    [UserDisplayHint:protected] => 
                    [SeverityCode:protected] => Error
                    [ErrorParameters:protected] => 
                    [ErrorClassification:protected] => SystemError
                )

            [1] => ErrorType Object
                (
                    [ShortMessage:protected] => 
                    [LongMessage:protected] => IAF token supplied is expired.
                    [ErrorCode:protected] => 21917053
                    [UserDisplayHint:protected] => 
                    [SeverityCode:protected] => Error
                    [ErrorParameters:protected] => 
                    [ErrorClassification:protected] => SystemError
                )

        )

)

2023-03-07T23:38:40+00:00 ERROR Error: the provided authorization refresh token is invalid or was issued to another client
2023-03-07T23:38:42+00:00 ERROR Error: the provided authorization refresh token is invalid or was issued to another client
2023-03-07T23:38:42+00:00 ERROR Error: the provided authorization refresh token is invalid or was issued to another client
2023-03-07T23:38:44+00:00 ERROR Error on orders updateEbatNs_ResponseError Object
(
    [Ack:protected] => Failure
    [Errors:protected] => Array
        (
            [0] => ErrorType Object
                (
                    [ShortMessage:protected] => 
                    [LongMessage:protected] => soap-fault: Expired IAF token.
                    [ErrorCode:protected] => 90002
                    [UserDisplayHint:protected] => 
                    [SeverityCode:protected] => Error
                    [ErrorParameters:protected] => 
                    [ErrorClassification:protected] => SystemError
                )

            [1] => ErrorType Object
                (
                    [ShortMessage:protected] => 
                    [LongMessage:protected] => IAF token supplied is expired.
                    [ErrorCode:protected] => 21917053
                    [UserDisplayHint:protected] => 
                    [SeverityCode:protected] => Error
                    [ErrorParameters:protected] => 
                    [ErrorClassification:protected] => SystemError
                )

        )

)

