2022-11-14T09:23:03+00:00 ERROR Error on orders updateGetOrdersResponseType Object
(
    [Timestamp:protected] => 2022-11-14T09:23:03.793Z
    [Ack:protected] => Failure
    [Errors:protected] => Array
        (
            [0] => ErrorType Object
                (
                    [ShortMessage:protected] => Call usage limit has been reached.
                    [LongMessage:protected] => Your application has exceeded usage limit on this call, please make call to Developer Analytics API to check your call usage.
                    [ErrorCode:protected] => 518
                    [SeverityCode:protected] => Error
                    [ErrorClassification:protected] => RequestError
                )

        )

    [Version:protected] => 1175
    [Build:protected] => E1175_CORE_API5_19110890_R1
)

2022-11-14T09:32:51+00:00 ERROR Error on orders updateGetOrdersResponseType Object
(
    [Timestamp:protected] => 2022-11-14T09:32:51.489Z
    [Ack:protected] => Failure
    [Errors:protected] => Array
        (
            [0] => ErrorType Object
                (
                    [ShortMessage:protected] => Call usage limit has been reached.
                    [LongMessage:protected] => Your application has exceeded usage limit on this call, please make call to Developer Analytics API to check your call usage.
                    [ErrorCode:protected] => 518
                    [SeverityCode:protected] => Error
                    [ErrorClassification:protected] => RequestError
                )

        )

    [Version:protected] => 1175
    [Build:protected] => E1175_CORE_API5_19110890_R1
)

2022-11-14T09:41:33+00:00 ERROR Error on orders updateGetOrdersResponseType Object
(
    [Timestamp:protected] => 2022-11-14T09:41:33.393Z
    [Ack:protected] => Failure
    [Errors:protected] => Array
        (
            [0] => ErrorType Object
                (
                    [ShortMessage:protected] => Call usage limit has been reached.
                    [LongMessage:protected] => Your application has exceeded usage limit on this call, please make call to Developer Analytics API to check your call usage.
                    [ErrorCode:protected] => 518
                    [SeverityCode:protected] => Error
                    [ErrorClassification:protected] => RequestError
                )

        )

    [Version:protected] => 1175
    [Build:protected] => E1175_CORE_API5_19110890_R1
)

2022-11-14T10:06:14+00:00 ERROR Error on orders updateGetOrdersResponseType Object
(
    [Timestamp:protected] => 2022-11-14T10:06:14.258Z
    [Ack:protected] => Failure
    [Errors:protected] => Array
        (
            [0] => ErrorType Object
                (
                    [ShortMessage:protected] => Call usage limit has been reached.
                    [LongMessage:protected] => Your application has exceeded usage limit on this call, please make call to Developer Analytics API to check your call usage.
                    [ErrorCode:protected] => 518
                    [SeverityCode:protected] => Error
                    [ErrorClassification:protected] => RequestError
                )

        )

    [Version:protected] => 1175
    [Build:protected] => E1175_CORE_API5_19110890_R1
)

2022-11-14T10:59:46+00:00 ERROR Error on orders updateGetOrdersResponseType Object
(
    [Timestamp:protected] => 2022-11-14T10:59:45.578Z
    [Ack:protected] => Failure
    [Errors:protected] => Array
        (
            [0] => ErrorType Object
                (
                    [ShortMessage:protected] => Call usage limit has been reached.
                    [LongMessage:protected] => Your application has exceeded usage limit on this call, please make call to Developer Analytics API to check your call usage.
                    [ErrorCode:protected] => 518
                    [SeverityCode:protected] => Error
                    [ErrorClassification:protected] => RequestError
                )

        )

    [Version:protected] => 1175
    [Build:protected] => E1175_CORE_API5_19110890_R1
)

2022-11-14T11:29:55+00:00 ERROR Error on orders updateGetOrdersResponseType Object
(
    [Timestamp:protected] => 2022-11-14T11:29:55.498Z
    [Ack:protected] => Failure
    [Errors:protected] => Array
        (
            [0] => ErrorType Object
                (
                    [ShortMessage:protected] => Call usage limit has been reached.
                    [LongMessage:protected] => Your application has exceeded usage limit on this call, please make call to Developer Analytics API to check your call usage.
                    [ErrorCode:protected] => 518
                    [SeverityCode:protected] => Error
                    [ErrorClassification:protected] => RequestError
                )

        )

    [Version:protected] => 1175
    [Build:protected] => E1175_CORE_API5_19110890_R1
)

2022-11-14T12:04:19+00:00 ERROR Error on orders updateGetOrdersResponseType Object
(
    [Timestamp:protected] => 2022-11-14T12:04:19.722Z
    [Ack:protected] => Failure
    [Errors:protected] => Array
        (
            [0] => ErrorType Object
                (
                    [ShortMessage:protected] => Call usage limit has been reached.
                    [LongMessage:protected] => Your application has exceeded usage limit on this call, please make call to Developer Analytics API to check your call usage.
                    [ErrorCode:protected] => 518
                    [SeverityCode:protected] => Error
                    [ErrorClassification:protected] => RequestError
                )

        )

    [Version:protected] => 1175
    [Build:protected] => E1175_CORE_API5_19110890_R1
)

