2023-03-22T10:01:29+00:00 ERROR Error: the provided authorization refresh token is invalid or was issued to another client
2023-03-22T10:01:30+00:00 ERROR Error: the provided authorization refresh token is invalid or was issued to another client
2023-03-22T10:01:31+00:00 ERROR Error: the provided authorization refresh token is invalid or was issued to another client
2023-03-22T10:01:32+00:00 ERROR Error on orders updateEbatNs_ResponseError Object
(
    [Ack:protected] => Failure
    [Errors:protected] => Array
        (
            [0] => ErrorType Object
                (
                    [ShortMessage:protected] => 
                    [LongMessage:protected] => soap-fault: Expired IAF token.
                    [ErrorCode:protected] => 90002
                    [UserDisplayHint:protected] => 
                    [SeverityCode:protected] => Error
                    [ErrorParameters:protected] => 
                    [ErrorClassification:protected] => SystemError
                )

            [1] => ErrorType Object
                (
                    [ShortMessage:protected] => 
                    [LongMessage:protected] => IAF token supplied is expired.
                    [ErrorCode:protected] => 21917053
                    [UserDisplayHint:protected] => 
                    [SeverityCode:protected] => Error
                    [ErrorParameters:protected] => 
                    [ErrorClassification:protected] => SystemError
                )

        )

)

2023-03-22T10:19:27+00:00 ERROR Error: the provided authorization refresh token is invalid or was issued to another client
2023-03-22T10:19:29+00:00 ERROR Error: the provided authorization refresh token is invalid or was issued to another client
2023-03-22T10:19:29+00:00 ERROR Error: the provided authorization refresh token is invalid or was issued to another client
2023-03-22T10:19:30+00:00 ERROR Error on orders updateEbatNs_ResponseError Object
(
    [Ack:protected] => Failure
    [Errors:protected] => Array
        (
            [0] => ErrorType Object
                (
                    [ShortMessage:protected] => 
                    [LongMessage:protected] => soap-fault: Expired IAF token.
                    [ErrorCode:protected] => 90002
                    [UserDisplayHint:protected] => 
                    [SeverityCode:protected] => Error
                    [ErrorParameters:protected] => 
                    [ErrorClassification:protected] => SystemError
                )

            [1] => ErrorType Object
                (
                    [ShortMessage:protected] => 
                    [LongMessage:protected] => IAF token supplied is expired.
                    [ErrorCode:protected] => 21917053
                    [UserDisplayHint:protected] => 
                    [SeverityCode:protected] => Error
                    [ErrorParameters:protected] => 
                    [ErrorClassification:protected] => SystemError
                )

        )

)

2023-03-22T12:22:41+00:00 ERROR Error: the provided authorization refresh token is invalid or was issued to another client
2023-03-22T12:22:43+00:00 ERROR Error: the provided authorization refresh token is invalid or was issued to another client
2023-03-22T12:22:43+00:00 ERROR Error: the provided authorization refresh token is invalid or was issued to another client
2023-03-22T12:22:44+00:00 ERROR Error on orders updateEbatNs_ResponseError Object
(
    [Ack:protected] => Failure
    [Errors:protected] => Array
        (
            [0] => ErrorType Object
                (
                    [ShortMessage:protected] => 
                    [LongMessage:protected] => soap-fault: Expired IAF token.
                    [ErrorCode:protected] => 90002
                    [UserDisplayHint:protected] => 
                    [SeverityCode:protected] => Error
                    [ErrorParameters:protected] => 
                    [ErrorClassification:protected] => SystemError
                )

            [1] => ErrorType Object
                (
                    [ShortMessage:protected] => 
                    [LongMessage:protected] => IAF token supplied is expired.
                    [ErrorCode:protected] => 21917053
                    [UserDisplayHint:protected] => 
                    [SeverityCode:protected] => Error
                    [ErrorParameters:protected] => 
                    [ErrorClassification:protected] => SystemError
                )

        )

)

2023-03-22T12:31:55+00:00 ERROR Error: the provided authorization refresh token is invalid or was issued to another client
2023-03-22T12:31:57+00:00 ERROR Error: the provided authorization refresh token is invalid or was issued to another client
2023-03-22T12:31:57+00:00 ERROR Error: the provided authorization refresh token is invalid or was issued to another client
2023-03-22T12:31:58+00:00 ERROR Error on orders updateEbatNs_ResponseError Object
(
    [Ack:protected] => Failure
    [Errors:protected] => Array
        (
            [0] => ErrorType Object
                (
                    [ShortMessage:protected] => 
                    [LongMessage:protected] => soap-fault: Expired IAF token.
                    [ErrorCode:protected] => 90002
                    [UserDisplayHint:protected] => 
                    [SeverityCode:protected] => Error
                    [ErrorParameters:protected] => 
                    [ErrorClassification:protected] => SystemError
                )

            [1] => ErrorType Object
                (
                    [ShortMessage:protected] => 
                    [LongMessage:protected] => IAF token supplied is expired.
                    [ErrorCode:protected] => 21917053
                    [UserDisplayHint:protected] => 
                    [SeverityCode:protected] => Error
                    [ErrorParameters:protected] => 
                    [ErrorClassification:protected] => SystemError
                )

        )

)

2023-03-22T12:57:33+00:00 ERROR Error: the provided authorization refresh token is invalid or was issued to another client
2023-03-22T12:57:35+00:00 ERROR Error: the provided authorization refresh token is invalid or was issued to another client
2023-03-22T12:57:35+00:00 ERROR Error: the provided authorization refresh token is invalid or was issued to another client
2023-03-22T12:57:37+00:00 ERROR Error on orders updateEbatNs_ResponseError Object
(
    [Ack:protected] => Failure
    [Errors:protected] => Array
        (
            [0] => ErrorType Object
                (
                    [ShortMessage:protected] => 
                    [LongMessage:protected] => soap-fault: Expired IAF token.
                    [ErrorCode:protected] => 90002
                    [UserDisplayHint:protected] => 
                    [SeverityCode:protected] => Error
                    [ErrorParameters:protected] => 
                    [ErrorClassification:protected] => SystemError
                )

            [1] => ErrorType Object
                (
                    [ShortMessage:protected] => 
                    [LongMessage:protected] => IAF token supplied is expired.
                    [ErrorCode:protected] => 21917053
                    [UserDisplayHint:protected] => 
                    [SeverityCode:protected] => Error
                    [ErrorParameters:protected] => 
                    [ErrorClassification:protected] => SystemError
                )

        )

)

2023-03-22T13:03:10+00:00 ERROR Error: the provided authorization refresh token is invalid or was issued to another client
2023-03-22T13:03:12+00:00 ERROR Error: the provided authorization refresh token is invalid or was issued to another client
2023-03-22T13:03:12+00:00 ERROR Error: the provided authorization refresh token is invalid or was issued to another client
2023-03-22T13:03:14+00:00 ERROR Error on orders updateEbatNs_ResponseError Object
(
    [Ack:protected] => Failure
    [Errors:protected] => Array
        (
            [0] => ErrorType Object
                (
                    [ShortMessage:protected] => 
                    [LongMessage:protected] => soap-fault: Expired IAF token.
                    [ErrorCode:protected] => 90002
                    [UserDisplayHint:protected] => 
                    [SeverityCode:protected] => Error
                    [ErrorParameters:protected] => 
                    [ErrorClassification:protected] => SystemError
                )

            [1] => ErrorType Object
                (
                    [ShortMessage:protected] => 
                    [LongMessage:protected] => IAF token supplied is expired.
                    [ErrorCode:protected] => 21917053
                    [UserDisplayHint:protected] => 
                    [SeverityCode:protected] => Error
                    [ErrorParameters:protected] => 
                    [ErrorClassification:protected] => SystemError
                )

        )

)

2023-03-22T13:33:48+00:00 ERROR Error: the provided authorization refresh token is invalid or was issued to another client
2023-03-22T13:33:50+00:00 ERROR Error: the provided authorization refresh token is invalid or was issued to another client
2023-03-22T13:33:50+00:00 ERROR Error: the provided authorization refresh token is invalid or was issued to another client
2023-03-22T13:33:51+00:00 ERROR Error on orders updateEbatNs_ResponseError Object
(
    [Ack:protected] => Failure
    [Errors:protected] => Array
        (
            [0] => ErrorType Object
                (
                    [ShortMessage:protected] => 
                    [LongMessage:protected] => soap-fault: Expired IAF token.
                    [ErrorCode:protected] => 90002
                    [UserDisplayHint:protected] => 
                    [SeverityCode:protected] => Error
                    [ErrorParameters:protected] => 
                    [ErrorClassification:protected] => SystemError
                )

            [1] => ErrorType Object
                (
                    [ShortMessage:protected] => 
                    [LongMessage:protected] => IAF token supplied is expired.
                    [ErrorCode:protected] => 21917053
                    [UserDisplayHint:protected] => 
                    [SeverityCode:protected] => Error
                    [ErrorParameters:protected] => 
                    [ErrorClassification:protected] => SystemError
                )

        )

)

2023-03-22T13:46:29+00:00 ERROR Error: the provided authorization refresh token is invalid or was issued to another client
2023-03-22T13:46:31+00:00 ERROR Error: the provided authorization refresh token is invalid or was issued to another client
2023-03-22T13:46:31+00:00 ERROR Error: the provided authorization refresh token is invalid or was issued to another client
2023-03-22T13:46:33+00:00 ERROR Error on orders updateEbatNs_ResponseError Object
(
    [Ack:protected] => Failure
    [Errors:protected] => Array
        (
            [0] => ErrorType Object
                (
                    [ShortMessage:protected] => 
                    [LongMessage:protected] => soap-fault: Expired IAF token.
                    [ErrorCode:protected] => 90002
                    [UserDisplayHint:protected] => 
                    [SeverityCode:protected] => Error
                    [ErrorParameters:protected] => 
                    [ErrorClassification:protected] => SystemError
                )

            [1] => ErrorType Object
                (
                    [ShortMessage:protected] => 
                    [LongMessage:protected] => IAF token supplied is expired.
                    [ErrorCode:protected] => 21917053
                    [UserDisplayHint:protected] => 
                    [SeverityCode:protected] => Error
                    [ErrorParameters:protected] => 
                    [ErrorClassification:protected] => SystemError
                )

        )

)

2023-03-22T14:01:28+00:00 ERROR Error: the provided authorization refresh token is invalid or was issued to another client
2023-03-22T14:01:30+00:00 ERROR Error: the provided authorization refresh token is invalid or was issued to another client
2023-03-22T14:01:30+00:00 ERROR Error: the provided authorization refresh token is invalid or was issued to another client
2023-03-22T14:01:31+00:00 ERROR Error on orders updateEbatNs_ResponseError Object
(
    [Ack:protected] => Failure
    [Errors:protected] => Array
        (
            [0] => ErrorType Object
                (
                    [ShortMessage:protected] => 
                    [LongMessage:protected] => soap-fault: Expired IAF token.
                    [ErrorCode:protected] => 90002
                    [UserDisplayHint:protected] => 
                    [SeverityCode:protected] => Error
                    [ErrorParameters:protected] => 
                    [ErrorClassification:protected] => SystemError
                )

            [1] => ErrorType Object
                (
                    [ShortMessage:protected] => 
                    [LongMessage:protected] => IAF token supplied is expired.
                    [ErrorCode:protected] => 21917053
                    [UserDisplayHint:protected] => 
                    [SeverityCode:protected] => Error
                    [ErrorParameters:protected] => 
                    [ErrorClassification:protected] => SystemError
                )

        )

)

2023-03-22T14:18:05+00:00 ERROR Error: the provided authorization refresh token is invalid or was issued to another client
2023-03-22T14:18:07+00:00 ERROR Error: the provided authorization refresh token is invalid or was issued to another client
2023-03-22T14:18:07+00:00 ERROR Error: the provided authorization refresh token is invalid or was issued to another client
2023-03-22T14:18:09+00:00 ERROR Error on orders updateEbatNs_ResponseError Object
(
    [Ack:protected] => Failure
    [Errors:protected] => Array
        (
            [0] => ErrorType Object
                (
                    [ShortMessage:protected] => 
                    [LongMessage:protected] => soap-fault: Expired IAF token.
                    [ErrorCode:protected] => 90002
                    [UserDisplayHint:protected] => 
                    [SeverityCode:protected] => Error
                    [ErrorParameters:protected] => 
                    [ErrorClassification:protected] => SystemError
                )

            [1] => ErrorType Object
                (
                    [ShortMessage:protected] => 
                    [LongMessage:protected] => IAF token supplied is expired.
                    [ErrorCode:protected] => 21917053
                    [UserDisplayHint:protected] => 
                    [SeverityCode:protected] => Error
                    [ErrorParameters:protected] => 
                    [ErrorClassification:protected] => SystemError
                )

        )

)

