2023-03-08T06:47:17+00:00 ERROR Error: the provided authorization refresh token is invalid or was issued to another client
2023-03-08T06:47:19+00:00 ERROR Error: the provided authorization refresh token is invalid or was issued to another client
2023-03-08T06:47:19+00:00 ERROR Error: the provided authorization refresh token is invalid or was issued to another client
2023-03-08T06:47:20+00:00 ERROR Error on orders updateEbatNs_ResponseError Object
(
    [Ack:protected] => Failure
    [Errors:protected] => Array
        (
            [0] => ErrorType Object
                (
                    [ShortMessage:protected] => 
                    [LongMessage:protected] => soap-fault: Expired IAF token.
                    [ErrorCode:protected] => 90002
                    [UserDisplayHint:protected] => 
                    [SeverityCode:protected] => Error
                    [ErrorParameters:protected] => 
                    [ErrorClassification:protected] => SystemError
                )

            [1] => ErrorType Object
                (
                    [ShortMessage:protected] => 
                    [LongMessage:protected] => IAF token supplied is expired.
                    [ErrorCode:protected] => 21917053
                    [UserDisplayHint:protected] => 
                    [SeverityCode:protected] => Error
                    [ErrorParameters:protected] => 
                    [ErrorClassification:protected] => SystemError
                )

        )

)

2023-03-08T08:01:38+00:00 ERROR Error: the provided authorization refresh token is invalid or was issued to another client
2023-03-08T08:01:40+00:00 ERROR Error: the provided authorization refresh token is invalid or was issued to another client
2023-03-08T08:01:40+00:00 ERROR Error: the provided authorization refresh token is invalid or was issued to another client
2023-03-08T08:01:41+00:00 ERROR Error on orders updateEbatNs_ResponseError Object
(
    [Ack:protected] => Failure
    [Errors:protected] => Array
        (
            [0] => ErrorType Object
                (
                    [ShortMessage:protected] => 
                    [LongMessage:protected] => soap-fault: Expired IAF token.
                    [ErrorCode:protected] => 90002
                    [UserDisplayHint:protected] => 
                    [SeverityCode:protected] => Error
                    [ErrorParameters:protected] => 
                    [ErrorClassification:protected] => SystemError
                )

            [1] => ErrorType Object
                (
                    [ShortMessage:protected] => 
                    [LongMessage:protected] => IAF token supplied is expired.
                    [ErrorCode:protected] => 21917053
                    [UserDisplayHint:protected] => 
                    [SeverityCode:protected] => Error
                    [ErrorParameters:protected] => 
                    [ErrorClassification:protected] => SystemError
                )

        )

)

2023-03-08T08:06:34+00:00 ERROR Error: the provided authorization refresh token is invalid or was issued to another client
2023-03-08T08:06:35+00:00 ERROR Error: the provided authorization refresh token is invalid or was issued to another client
2023-03-08T08:06:35+00:00 ERROR Error: the provided authorization refresh token is invalid or was issued to another client
2023-03-08T08:06:37+00:00 ERROR Error on orders updateEbatNs_ResponseError Object
(
    [Ack:protected] => Failure
    [Errors:protected] => Array
        (
            [0] => ErrorType Object
                (
                    [ShortMessage:protected] => 
                    [LongMessage:protected] => soap-fault: Expired IAF token.
                    [ErrorCode:protected] => 90002
                    [UserDisplayHint:protected] => 
                    [SeverityCode:protected] => Error
                    [ErrorParameters:protected] => 
                    [ErrorClassification:protected] => SystemError
                )

            [1] => ErrorType Object
                (
                    [ShortMessage:protected] => 
                    [LongMessage:protected] => IAF token supplied is expired.
                    [ErrorCode:protected] => 21917053
                    [UserDisplayHint:protected] => 
                    [SeverityCode:protected] => Error
                    [ErrorParameters:protected] => 
                    [ErrorClassification:protected] => SystemError
                )

        )

)

2023-03-08T08:18:46+00:00 ERROR Error: the provided authorization refresh token is invalid or was issued to another client
2023-03-08T08:18:47+00:00 ERROR Error: the provided authorization refresh token is invalid or was issued to another client
2023-03-08T08:18:48+00:00 ERROR Error: the provided authorization refresh token is invalid or was issued to another client
2023-03-08T08:18:49+00:00 ERROR Error on orders updateEbatNs_ResponseError Object
(
    [Ack:protected] => Failure
    [Errors:protected] => Array
        (
            [0] => ErrorType Object
                (
                    [ShortMessage:protected] => 
                    [LongMessage:protected] => soap-fault: Expired IAF token.
                    [ErrorCode:protected] => 90002
                    [UserDisplayHint:protected] => 
                    [SeverityCode:protected] => Error
                    [ErrorParameters:protected] => 
                    [ErrorClassification:protected] => SystemError
                )

            [1] => ErrorType Object
                (
                    [ShortMessage:protected] => 
                    [LongMessage:protected] => IAF token supplied is expired.
                    [ErrorCode:protected] => 21917053
                    [UserDisplayHint:protected] => 
                    [SeverityCode:protected] => Error
                    [ErrorParameters:protected] => 
                    [ErrorClassification:protected] => SystemError
                )

        )

)

2023-03-08T08:33:37+00:00 ERROR Error: the provided authorization refresh token is invalid or was issued to another client
2023-03-08T08:33:39+00:00 ERROR Error: the provided authorization refresh token is invalid or was issued to another client
2023-03-08T08:33:39+00:00 ERROR Error: the provided authorization refresh token is invalid or was issued to another client
2023-03-08T08:33:41+00:00 ERROR Error on orders updateEbatNs_ResponseError Object
(
    [Ack:protected] => Failure
    [Errors:protected] => Array
        (
            [0] => ErrorType Object
                (
                    [ShortMessage:protected] => 
                    [LongMessage:protected] => soap-fault: Expired IAF token.
                    [ErrorCode:protected] => 90002
                    [UserDisplayHint:protected] => 
                    [SeverityCode:protected] => Error
                    [ErrorParameters:protected] => 
                    [ErrorClassification:protected] => SystemError
                )

            [1] => ErrorType Object
                (
                    [ShortMessage:protected] => 
                    [LongMessage:protected] => IAF token supplied is expired.
                    [ErrorCode:protected] => 21917053
                    [UserDisplayHint:protected] => 
                    [SeverityCode:protected] => Error
                    [ErrorParameters:protected] => 
                    [ErrorClassification:protected] => SystemError
                )

        )

)

2023-03-08T10:08:08+00:00 ERROR Error: the provided authorization refresh token is invalid or was issued to another client
2023-03-08T10:08:10+00:00 ERROR Error: the provided authorization refresh token is invalid or was issued to another client
2023-03-08T10:08:10+00:00 ERROR Error: the provided authorization refresh token is invalid or was issued to another client
2023-03-08T10:08:11+00:00 ERROR Error on orders updateEbatNs_ResponseError Object
(
    [Ack:protected] => Failure
    [Errors:protected] => Array
        (
            [0] => ErrorType Object
                (
                    [ShortMessage:protected] => 
                    [LongMessage:protected] => soap-fault: Expired IAF token.
                    [ErrorCode:protected] => 90002
                    [UserDisplayHint:protected] => 
                    [SeverityCode:protected] => Error
                    [ErrorParameters:protected] => 
                    [ErrorClassification:protected] => SystemError
                )

            [1] => ErrorType Object
                (
                    [ShortMessage:protected] => 
                    [LongMessage:protected] => IAF token supplied is expired.
                    [ErrorCode:protected] => 21917053
                    [UserDisplayHint:protected] => 
                    [SeverityCode:protected] => Error
                    [ErrorParameters:protected] => 
                    [ErrorClassification:protected] => SystemError
                )

        )

)

2023-03-08T11:36:30+00:00 ERROR Error: the provided authorization refresh token is invalid or was issued to another client
2023-03-08T11:36:31+00:00 ERROR Error: the provided authorization refresh token is invalid or was issued to another client
2023-03-08T11:36:32+00:00 ERROR Error: the provided authorization refresh token is invalid or was issued to another client
2023-03-08T11:36:33+00:00 ERROR Error on orders updateEbatNs_ResponseError Object
(
    [Ack:protected] => Failure
    [Errors:protected] => Array
        (
            [0] => ErrorType Object
                (
                    [ShortMessage:protected] => 
                    [LongMessage:protected] => soap-fault: Expired IAF token.
                    [ErrorCode:protected] => 90002
                    [UserDisplayHint:protected] => 
                    [SeverityCode:protected] => Error
                    [ErrorParameters:protected] => 
                    [ErrorClassification:protected] => SystemError
                )

            [1] => ErrorType Object
                (
                    [ShortMessage:protected] => 
                    [LongMessage:protected] => IAF token supplied is expired.
                    [ErrorCode:protected] => 21917053
                    [UserDisplayHint:protected] => 
                    [SeverityCode:protected] => Error
                    [ErrorParameters:protected] => 
                    [ErrorClassification:protected] => SystemError
                )

        )

)

2023-03-08T14:22:06+00:00 ERROR Error: the provided authorization refresh token is invalid or was issued to another client
2023-03-08T14:22:07+00:00 ERROR Error: the provided authorization refresh token is invalid or was issued to another client
2023-03-08T14:22:08+00:00 ERROR Error: the provided authorization refresh token is invalid or was issued to another client
2023-03-08T14:22:09+00:00 ERROR Error on orders updateEbatNs_ResponseError Object
(
    [Ack:protected] => Failure
    [Errors:protected] => Array
        (
            [0] => ErrorType Object
                (
                    [ShortMessage:protected] => 
                    [LongMessage:protected] => soap-fault: Expired IAF token.
                    [ErrorCode:protected] => 90002
                    [UserDisplayHint:protected] => 
                    [SeverityCode:protected] => Error
                    [ErrorParameters:protected] => 
                    [ErrorClassification:protected] => SystemError
                )

            [1] => ErrorType Object
                (
                    [ShortMessage:protected] => 
                    [LongMessage:protected] => IAF token supplied is expired.
                    [ErrorCode:protected] => 21917053
                    [UserDisplayHint:protected] => 
                    [SeverityCode:protected] => Error
                    [ErrorParameters:protected] => 
                    [ErrorClassification:protected] => SystemError
                )

        )

)

2023-03-08T14:25:38+00:00 ERROR Error: the provided authorization refresh token is invalid or was issued to another client
2023-03-08T14:25:40+00:00 ERROR Error: the provided authorization refresh token is invalid or was issued to another client
2023-03-08T14:25:40+00:00 ERROR Error: the provided authorization refresh token is invalid or was issued to another client
2023-03-08T14:25:41+00:00 ERROR Error on orders updateEbatNs_ResponseError Object
(
    [Ack:protected] => Failure
    [Errors:protected] => Array
        (
            [0] => ErrorType Object
                (
                    [ShortMessage:protected] => 
                    [LongMessage:protected] => soap-fault: Expired IAF token.
                    [ErrorCode:protected] => 90002
                    [UserDisplayHint:protected] => 
                    [SeverityCode:protected] => Error
                    [ErrorParameters:protected] => 
                    [ErrorClassification:protected] => SystemError
                )

            [1] => ErrorType Object
                (
                    [ShortMessage:protected] => 
                    [LongMessage:protected] => IAF token supplied is expired.
                    [ErrorCode:protected] => 21917053
                    [UserDisplayHint:protected] => 
                    [SeverityCode:protected] => Error
                    [ErrorParameters:protected] => 
                    [ErrorClassification:protected] => SystemError
                )

        )

)

2023-03-08T15:35:59+00:00 ERROR Error: the provided authorization refresh token is invalid or was issued to another client
2023-03-08T15:36:00+00:00 ERROR Error: the provided authorization refresh token is invalid or was issued to another client
2023-03-08T15:36:01+00:00 ERROR Error: the provided authorization refresh token is invalid or was issued to another client
2023-03-08T15:36:02+00:00 ERROR Error on orders updateEbatNs_ResponseError Object
(
    [Ack:protected] => Failure
    [Errors:protected] => Array
        (
            [0] => ErrorType Object
                (
                    [ShortMessage:protected] => 
                    [LongMessage:protected] => soap-fault: Expired IAF token.
                    [ErrorCode:protected] => 90002
                    [UserDisplayHint:protected] => 
                    [SeverityCode:protected] => Error
                    [ErrorParameters:protected] => 
                    [ErrorClassification:protected] => SystemError
                )

            [1] => ErrorType Object
                (
                    [ShortMessage:protected] => 
                    [LongMessage:protected] => IAF token supplied is expired.
                    [ErrorCode:protected] => 21917053
                    [UserDisplayHint:protected] => 
                    [SeverityCode:protected] => Error
                    [ErrorParameters:protected] => 
                    [ErrorClassification:protected] => SystemError
                )

        )

)

2023-03-08T15:38:42+00:00 ERROR Error: the provided authorization refresh token is invalid or was issued to another client
2023-03-08T15:38:43+00:00 ERROR Error: the provided authorization refresh token is invalid or was issued to another client
2023-03-08T15:38:44+00:00 ERROR Error: the provided authorization refresh token is invalid or was issued to another client
2023-03-08T15:38:45+00:00 ERROR Error on orders updateEbatNs_ResponseError Object
(
    [Ack:protected] => Failure
    [Errors:protected] => Array
        (
            [0] => ErrorType Object
                (
                    [ShortMessage:protected] => 
                    [LongMessage:protected] => soap-fault: Expired IAF token.
                    [ErrorCode:protected] => 90002
                    [UserDisplayHint:protected] => 
                    [SeverityCode:protected] => Error
                    [ErrorParameters:protected] => 
                    [ErrorClassification:protected] => SystemError
                )

            [1] => ErrorType Object
                (
                    [ShortMessage:protected] => 
                    [LongMessage:protected] => IAF token supplied is expired.
                    [ErrorCode:protected] => 21917053
                    [UserDisplayHint:protected] => 
                    [SeverityCode:protected] => Error
                    [ErrorParameters:protected] => 
                    [ErrorClassification:protected] => SystemError
                )

        )

)

2023-03-08T16:23:46+00:00 ERROR Error: the provided authorization refresh token is invalid or was issued to another client
2023-03-08T16:23:48+00:00 ERROR Error: the provided authorization refresh token is invalid or was issued to another client
2023-03-08T16:23:48+00:00 ERROR Error: the provided authorization refresh token is invalid or was issued to another client
2023-03-08T16:23:49+00:00 ERROR Error on orders updateEbatNs_ResponseError Object
(
    [Ack:protected] => Failure
    [Errors:protected] => Array
        (
            [0] => ErrorType Object
                (
                    [ShortMessage:protected] => 
                    [LongMessage:protected] => soap-fault: Expired IAF token.
                    [ErrorCode:protected] => 90002
                    [UserDisplayHint:protected] => 
                    [SeverityCode:protected] => Error
                    [ErrorParameters:protected] => 
                    [ErrorClassification:protected] => SystemError
                )

            [1] => ErrorType Object
                (
                    [ShortMessage:protected] => 
                    [LongMessage:protected] => IAF token supplied is expired.
                    [ErrorCode:protected] => 21917053
                    [UserDisplayHint:protected] => 
                    [SeverityCode:protected] => Error
                    [ErrorParameters:protected] => 
                    [ErrorClassification:protected] => SystemError
                )

        )

)

2023-03-08T17:37:15+00:00 ERROR Error: the provided authorization refresh token is invalid or was issued to another client
2023-03-08T17:37:16+00:00 ERROR Error: the provided authorization refresh token is invalid or was issued to another client
2023-03-08T17:37:17+00:00 ERROR Error: the provided authorization refresh token is invalid or was issued to another client
2023-03-08T17:37:18+00:00 ERROR Error on orders updateEbatNs_ResponseError Object
(
    [Ack:protected] => Failure
    [Errors:protected] => Array
        (
            [0] => ErrorType Object
                (
                    [ShortMessage:protected] => 
                    [LongMessage:protected] => soap-fault: Expired IAF token.
                    [ErrorCode:protected] => 90002
                    [UserDisplayHint:protected] => 
                    [SeverityCode:protected] => Error
                    [ErrorParameters:protected] => 
                    [ErrorClassification:protected] => SystemError
                )

            [1] => ErrorType Object
                (
                    [ShortMessage:protected] => 
                    [LongMessage:protected] => IAF token supplied is expired.
                    [ErrorCode:protected] => 21917053
                    [UserDisplayHint:protected] => 
                    [SeverityCode:protected] => Error
                    [ErrorParameters:protected] => 
                    [ErrorClassification:protected] => SystemError
                )

        )

)

2023-03-08T18:16:19+00:00 ERROR Error: the provided authorization refresh token is invalid or was issued to another client
2023-03-08T18:16:20+00:00 ERROR Error: the provided authorization refresh token is invalid or was issued to another client
2023-03-08T18:16:21+00:00 ERROR Error: the provided authorization refresh token is invalid or was issued to another client
2023-03-08T18:16:22+00:00 ERROR Error on orders updateEbatNs_ResponseError Object
(
    [Ack:protected] => Failure
    [Errors:protected] => Array
        (
            [0] => ErrorType Object
                (
                    [ShortMessage:protected] => 
                    [LongMessage:protected] => soap-fault: Expired IAF token.
                    [ErrorCode:protected] => 90002
                    [UserDisplayHint:protected] => 
                    [SeverityCode:protected] => Error
                    [ErrorParameters:protected] => 
                    [ErrorClassification:protected] => SystemError
                )

            [1] => ErrorType Object
                (
                    [ShortMessage:protected] => 
                    [LongMessage:protected] => IAF token supplied is expired.
                    [ErrorCode:protected] => 21917053
                    [UserDisplayHint:protected] => 
                    [SeverityCode:protected] => Error
                    [ErrorParameters:protected] => 
                    [ErrorClassification:protected] => SystemError
                )

        )

)

2023-03-08T18:28:29+00:00 ERROR Error: the provided authorization refresh token is invalid or was issued to another client
2023-03-08T18:28:30+00:00 ERROR Error: the provided authorization refresh token is invalid or was issued to another client
2023-03-08T18:28:30+00:00 ERROR Error: the provided authorization refresh token is invalid or was issued to another client
2023-03-08T18:28:32+00:00 ERROR Error on orders updateEbatNs_ResponseError Object
(
    [Ack:protected] => Failure
    [Errors:protected] => Array
        (
            [0] => ErrorType Object
                (
                    [ShortMessage:protected] => 
                    [LongMessage:protected] => soap-fault: Expired IAF token.
                    [ErrorCode:protected] => 90002
                    [UserDisplayHint:protected] => 
                    [SeverityCode:protected] => Error
                    [ErrorParameters:protected] => 
                    [ErrorClassification:protected] => SystemError
                )

            [1] => ErrorType Object
                (
                    [ShortMessage:protected] => 
                    [LongMessage:protected] => IAF token supplied is expired.
                    [ErrorCode:protected] => 21917053
                    [UserDisplayHint:protected] => 
                    [SeverityCode:protected] => Error
                    [ErrorParameters:protected] => 
                    [ErrorClassification:protected] => SystemError
                )

        )

)

2023-03-08T18:40:20+00:00 ERROR Error: the provided authorization refresh token is invalid or was issued to another client
2023-03-08T18:40:21+00:00 ERROR Error: the provided authorization refresh token is invalid or was issued to another client
2023-03-08T18:40:22+00:00 ERROR Error: the provided authorization refresh token is invalid or was issued to another client
2023-03-08T18:40:23+00:00 ERROR Error on orders updateEbatNs_ResponseError Object
(
    [Ack:protected] => Failure
    [Errors:protected] => Array
        (
            [0] => ErrorType Object
                (
                    [ShortMessage:protected] => 
                    [LongMessage:protected] => soap-fault: Expired IAF token.
                    [ErrorCode:protected] => 90002
                    [UserDisplayHint:protected] => 
                    [SeverityCode:protected] => Error
                    [ErrorParameters:protected] => 
                    [ErrorClassification:protected] => SystemError
                )

            [1] => ErrorType Object
                (
                    [ShortMessage:protected] => 
                    [LongMessage:protected] => IAF token supplied is expired.
                    [ErrorCode:protected] => 21917053
                    [UserDisplayHint:protected] => 
                    [SeverityCode:protected] => Error
                    [ErrorParameters:protected] => 
                    [ErrorClassification:protected] => SystemError
                )

        )

)

2023-03-08T18:52:56+00:00 ERROR Error: the provided authorization refresh token is invalid or was issued to another client
2023-03-08T18:52:57+00:00 ERROR Error: the provided authorization refresh token is invalid or was issued to another client
2023-03-08T18:52:58+00:00 ERROR Error: the provided authorization refresh token is invalid or was issued to another client
2023-03-08T18:52:59+00:00 ERROR Error on orders updateEbatNs_ResponseError Object
(
    [Ack:protected] => Failure
    [Errors:protected] => Array
        (
            [0] => ErrorType Object
                (
                    [ShortMessage:protected] => 
                    [LongMessage:protected] => soap-fault: Expired IAF token.
                    [ErrorCode:protected] => 90002
                    [UserDisplayHint:protected] => 
                    [SeverityCode:protected] => Error
                    [ErrorParameters:protected] => 
                    [ErrorClassification:protected] => SystemError
                )

            [1] => ErrorType Object
                (
                    [ShortMessage:protected] => 
                    [LongMessage:protected] => IAF token supplied is expired.
                    [ErrorCode:protected] => 21917053
                    [UserDisplayHint:protected] => 
                    [SeverityCode:protected] => Error
                    [ErrorParameters:protected] => 
                    [ErrorClassification:protected] => SystemError
                )

        )

)

2023-03-08T19:08:05+00:00 ERROR Error: the provided authorization refresh token is invalid or was issued to another client
2023-03-08T19:08:07+00:00 ERROR Error: the provided authorization refresh token is invalid or was issued to another client
2023-03-08T19:08:07+00:00 ERROR Error: the provided authorization refresh token is invalid or was issued to another client
2023-03-08T19:08:09+00:00 ERROR Error on orders updateEbatNs_ResponseError Object
(
    [Ack:protected] => Failure
    [Errors:protected] => Array
        (
            [0] => ErrorType Object
                (
                    [ShortMessage:protected] => 
                    [LongMessage:protected] => soap-fault: Expired IAF token.
                    [ErrorCode:protected] => 90002
                    [UserDisplayHint:protected] => 
                    [SeverityCode:protected] => Error
                    [ErrorParameters:protected] => 
                    [ErrorClassification:protected] => SystemError
                )

            [1] => ErrorType Object
                (
                    [ShortMessage:protected] => 
                    [LongMessage:protected] => IAF token supplied is expired.
                    [ErrorCode:protected] => 21917053
                    [UserDisplayHint:protected] => 
                    [SeverityCode:protected] => Error
                    [ErrorParameters:protected] => 
                    [ErrorClassification:protected] => SystemError
                )

        )

)

2023-03-08T19:23:51+00:00 ERROR Error: the provided authorization refresh token is invalid or was issued to another client
2023-03-08T19:23:53+00:00 ERROR Error: the provided authorization refresh token is invalid or was issued to another client
2023-03-08T19:23:53+00:00 ERROR Error: the provided authorization refresh token is invalid or was issued to another client
2023-03-08T19:23:54+00:00 ERROR Error on orders updateEbatNs_ResponseError Object
(
    [Ack:protected] => Failure
    [Errors:protected] => Array
        (
            [0] => ErrorType Object
                (
                    [ShortMessage:protected] => 
                    [LongMessage:protected] => soap-fault: Expired IAF token.
                    [ErrorCode:protected] => 90002
                    [UserDisplayHint:protected] => 
                    [SeverityCode:protected] => Error
                    [ErrorParameters:protected] => 
                    [ErrorClassification:protected] => SystemError
                )

            [1] => ErrorType Object
                (
                    [ShortMessage:protected] => 
                    [LongMessage:protected] => IAF token supplied is expired.
                    [ErrorCode:protected] => 21917053
                    [UserDisplayHint:protected] => 
                    [SeverityCode:protected] => Error
                    [ErrorParameters:protected] => 
                    [ErrorClassification:protected] => SystemError
                )

        )

)

